{
  "RSpec": {
    "coverage": {
      "/home/alpha-composition-6583/tic-tac-toe-rb-ruby-apply-000/lib/tic_tac_toe.rb": [
        null,
        null,
        1,
        null,
        null,
        null,
        null,
        null,
        null,
        null,
        null,
        null,
        null,
        1,
        22,
        22,
        22,
        22,
        22,
        null,
        1,
        null,
        1,
        23,
        null,
        null,
        1,
        22,
        null,
        null,
        1,
        27,
        24,
        null,
        3,
        null,
        null,
        null,
        1,
        23,
        3,
        null,
        20,
        null,
        null,
        null,
        1,
        21,
        21,
        189,
        31,
        null,
        null,
        21,
        null,
        null,
        null,
        1,
        20,
        14,
        6,
        null,
        null,
        null,
        1,
        20,
        20,
        20,
        20,
        19,
        1,
        null,
        20,
        null,
        null,
        null,
        1,
        61,
        61,
        399,
        null,
        null,
        null,
        null,
        1,
        183,
        null,
        null,
        1,
        29,
        null,
        null,
        null,
        1,
        21,
        null,
        null,
        1,
        7,
        7,
        6,
        null,
        null,
        null,
        1,
        12,
        17,
        null,
        12,
        5,
        7,
        7,
        null,
        null
      ]
    },
    "timestamp": 1599661110
  }
}
